\BOOKMARK [0][-]{chapter.0}{\376\377\000P\000r\000e\000r\000e\000q\000u\000i\000s\000i\000t\000e\000s}{}% 1
\BOOKMARK [1][-]{section.0.1}{\376\377\000A\000f\000f\000i\000n\000e\000\040\000M\000o\000n\000o\000i\000d\000s}{chapter.0}% 2
\BOOKMARK [1][-]{section.0.2}{\376\377\000T\000e\000n\000s\000o\000r\000\040\000P\000r\000o\000d\000u\000c\000t}{chapter.0}% 3
\BOOKMARK [1][-]{section.0.3}{\376\377\000H\000o\000p\000f\000\040\000a\000l\000g\000e\000b\000r\000a\000s}{chapter.0}% 4
\BOOKMARK [2][-]{subsection.0.3.1}{\376\377\000G\000r\000o\000u\000p\000-\000l\000i\000k\000e\000\040\000e\000l\000e\000m\000e\000n\000t\000s}{section.0.3}% 5
\BOOKMARK [2][-]{subsection.0.3.2}{\376\377\000D\000i\000a\000g\000o\000n\000a\000l\000i\000z\000a\000b\000l\000e\000\040\000b\000i\000a\000l\000g\000e\000b\000r\000a\000s}{section.0.3}% 6
\BOOKMARK [2][-]{subsection.0.3.3}{\376\377\000T\000h\000e\000\040\000g\000r\000o\000u\000p\000\040\000a\000l\000g\000e\000b\000r\000a\000\040\000f\000u\000n\000c\000t\000o\000r}{section.0.3}% 7
\BOOKMARK [1][-]{section.0.4}{\376\377\000G\000r\000o\000u\000p\000\040\000S\000c\000h\000e\000m\000e\000s}{chapter.0}% 8
\BOOKMARK [2][-]{subsection.0.4.1}{\376\377\000C\000o\000r\000r\000e\000s\000p\000o\000n\000d\000e\000n\000c\000e\000\040\000b\000e\000t\000w\000e\000e\000n\000\040\000H\000o\000p\000f\000\040\000a\000l\000g\000e\000b\000r\000a\000s\000\040\000a\000n\000d\000\040\000a\000f\000f\000i\000n\000e\000\040\000g\000r\000o\000u\000p\000\040\000s\000c\000h\000e\000m\000e\000s}{section.0.4}% 9
\BOOKMARK [2][-]{subsection.0.4.2}{\376\377\000E\000s\000s\000e\000n\000t\000i\000a\000l\000\040\000i\000m\000a\000g\000e\000\040\000o\000f\000\040\000S\000p\000e\000c\000\040\000o\000n\000\040\000H\000o\000p\000f\000\040\000a\000l\000g\000e\000b\000r\000a\000s}{section.0.4}% 10
\BOOKMARK [2][-]{subsection.0.4.3}{\376\377\000D\000i\000a\000g\000o\000n\000a\000l\000i\000s\000a\000b\000l\000e\000\040\000g\000r\000o\000u\000p\000s}{section.0.4}% 11
\BOOKMARK [0][-]{chapter.1}{\376\377\000A\000f\000f\000i\000n\000e\000\040\000T\000o\000r\000i\000c\000\040\000V\000a\000r\000i\000e\000t\000i\000e\000s}{}% 12
\BOOKMARK [1][-]{section.1.1}{\376\377\000I\000n\000t\000r\000o\000d\000u\000c\000t\000i\000o\000n\000\040\000t\000o\000\040\000A\000f\000f\000i\000n\000e\000\040\000T\000o\000r\000i\000c\000\040\000V\000a\000r\000i\000e\000t\000i\000e\000s}{chapter.1}% 13
\BOOKMARK [2][-]{subsection.1.1.1}{\376\377\000T\000h\000e\000\040\000T\000o\000r\000u\000s}{section.1.1}% 14
\BOOKMARK [2][-]{subsection.1.1.2}{\376\377\000T\000h\000e\000\040\000D\000e\000f\000i\000n\000i\000t\000i\000o\000n\000\040\000o\000f\000\040\000A\000f\000f\000i\000n\000e\000\040\000T\000o\000r\000i\000c\000\040\000V\000a\000r\000i\000e\000t\000y}{section.1.1}% 15
\BOOKMARK [2][-]{subsection.1.1.3}{\376\377\000L\000a\000t\000t\000i\000c\000e\000\040\000P\000o\000i\000n\000t\000s}{section.1.1}% 16
\BOOKMARK [2][-]{subsection.1.1.4}{\376\377\000T\000o\000r\000i\000c\000\040\000I\000d\000e\000a\000l\000s}{section.1.1}% 17
\BOOKMARK [2][-]{subsection.1.1.5}{\376\377\000E\000q\000u\000i\000v\000a\000l\000e\000n\000c\000e\000\040\000o\000f\000\040\000C\000o\000n\000s\000t\000r\000u\000c\000t\000i\000o\000n\000s}{section.1.1}% 18
\BOOKMARK [1][-]{section.1.2}{\376\377\000C\000o\000n\000e\000s\000\040\000a\000n\000d\000\040\000A\000f\000f\000i\000n\000e\000\040\000T\000o\000r\000i\000c\000\040\000V\000a\000r\000i\000e\000t\000i\000e\000s}{chapter.1}% 19
\BOOKMARK [2][-]{subsection.1.2.1}{\376\377\000C\000o\000n\000v\000e\000x\000\040\000P\000o\000l\000y\000h\000e\000d\000r\000a\000l\000\040\000C\000o\000n\000e\000s}{section.1.2}% 20
\BOOKMARK [2][-]{subsection.1.2.2}{\376\377\000D\000u\000a\000l\000\040\000C\000o\000n\000e\000s\000\040\000a\000n\000d\000\040\000F\000a\000c\000e\000s}{section.1.2}% 21
\BOOKMARK [2][-]{subsection.1.2.3}{\376\377\000R\000e\000l\000a\000t\000i\000v\000e\000\040\000I\000n\000t\000e\000r\000i\000o\000r\000s}{section.1.2}% 22
\BOOKMARK [2][-]{subsection.1.2.4}{\376\377\000S\000t\000r\000o\000n\000g\000\040\000C\000o\000n\000v\000e\000x\000i\000t\000y}{section.1.2}% 23
\BOOKMARK [2][-]{subsection.1.2.5}{\376\377\000S\000e\000p\000a\000r\000a\000t\000i\000o\000n}{section.1.2}% 24
\BOOKMARK [2][-]{subsection.1.2.6}{\376\377\000R\000a\000t\000i\000o\000n\000a\000l\000\040\000P\000o\000l\000y\000h\000e\000d\000r\000a\000l\000\040\000C\000o\000n\000e\000s}{section.1.2}% 25
\BOOKMARK [2][-]{subsection.1.2.7}{\376\377\000S\000e\000m\000i\000g\000r\000o\000u\000p\000\040\000A\000l\000g\000e\000b\000r\000a\000s\000\040\000a\000n\000d\000\040\000A\000f\000f\000i\000n\000e\000\040\000T\000o\000r\000i\000c\000\040\000V\000a\000r\000i\000e\000t\000i\000e\000s}{section.1.2}% 26
